2023.06.30 12:58:21 INFO  Started: Metals version 0.11.12 in workspace 'D:\FMC' for client Visual Studio Code 1.76.2.
июн. 30, 2023 12:58:21 PM org.flywaydb.core.internal.license.VersionPrinter printVersionOnly
INFO: Flyway Community Edition 9.16.3 by Redgate
июн. 30, 2023 12:58:21 PM org.flywaydb.core.internal.license.VersionPrinter printVersion
INFO: See release notes here: https://rd.gt/416ObMi
июн. 30, 2023 12:58:21 PM org.flywaydb.core.internal.license.VersionPrinter printVersion
INFO: 
июн. 30, 2023 12:58:22 PM org.flywaydb.core.internal.database.base.BaseDatabaseType createDatabase
INFO: Database: jdbc:h2:file:D:\FMC\.metals\metals (H2 2.1)
июн. 30, 2023 12:58:22 PM org.flywaydb.core.internal.schemahistory.JdbcTableSchemaHistory allAppliedMigrations
INFO: Schema history table "PUBLIC"."flyway_schema_history" does not exist yet
июн. 30, 2023 12:58:22 PM org.flywaydb.core.internal.command.DbValidate validate
INFO: Successfully validated 4 migrations (execution time 00:00.018s)
июн. 30, 2023 12:58:22 PM org.flywaydb.core.internal.schemahistory.JdbcTableSchemaHistory create
INFO: Creating Schema History table "PUBLIC"."flyway_schema_history" ...
июн. 30, 2023 12:58:22 PM org.flywaydb.core.internal.command.DbMigrate migrateGroup
INFO: Current version of schema "PUBLIC": << Empty Schema >>
июн. 30, 2023 12:58:22 PM org.flywaydb.core.internal.command.DbMigrate doMigrateGroup
INFO: Migrating schema "PUBLIC" to version "1 - Create tables"
июн. 30, 2023 12:58:22 PM org.flywaydb.core.internal.command.DbMigrate doMigrateGroup
INFO: Migrating schema "PUBLIC" to version "2 - Server discovery"
июн. 30, 2023 12:58:22 PM org.flywaydb.core.internal.command.DbMigrate doMigrateGroup
INFO: Migrating schema "PUBLIC" to version "3 - Jar symbols"
июн. 30, 2023 12:58:22 PM org.flywaydb.core.internal.command.DbMigrate doMigrateGroup
INFO: Migrating schema "PUBLIC" to version "4 - Fingerprints"
июн. 30, 2023 12:58:22 PM org.flywaydb.core.internal.command.DbMigrate logSummary
INFO: Successfully applied 4 migrations to schema "PUBLIC", now at version v4 (execution time 00:00.068s)
2023.06.30 12:58:22 INFO  time: initialize in 1.01s
2023.06.30 12:58:25 WARN  Build server is not auto-connectable.
2023.06.30 12:58:25 WARN  no build target for: D:\FMC\src\main\scala\block\BlockPrototype.scala
2023.06.30 12:58:31 INFO  no build target found for D:\FMC\src\main\scala\block\BlockPrototype.scala. Using presentation compiler with project's scala-library version: 3.2.2
2023.06.30 12:58:34 INFO  time: code lens generation in 9.09s
2023.06.30 13:00:07 INFO  running 'C:\Program Files\Java\jdk-17.0.5\bin\java -Djline.terminal=jline.UnsupportedTerminal -Dsbt.log.noformat=true -Dfile.encoding=UTF-8 -jar C:\Users\Googl\AppData\Local\Temp\metals4422085103980093649\sbt-launch.jar -Dbloop.export-jar-classifiers=sources bloopInstall'
2023.06.30 13:00:09 INFO  [info] welcome to sbt 1.9.1 (Oracle Corporation Java 17.0.5)
2023.06.30 13:00:10 INFO  [info] loading global plugins from C:\Users\Googl\.sbt\1.0\plugins
2023.06.30 13:00:14 INFO  [info] loading settings for project fmc-build-build-build from metals.sbt ...
2023.06.30 13:00:14 INFO  [info] loading project definition from D:\FMC\project\project\project
июн. 30, 2023 1:00:14 PM org.eclipse.lsp4j.jsonrpc.services.GenericEndpoint notify
INFO: Unsupported notification method: $/setTrace
2023.06.30 13:00:17 INFO  [info] loading settings for project fmc-build-build from metals.sbt ...
2023.06.30 13:00:17 INFO  [info] loading project definition from D:\FMC\project\project
2023.06.30 13:00:22 INFO  [success] Generated .bloop\fmc-build-build.json
2023.06.30 13:00:22 INFO  [success] Total time: 5 s, completed 30 РёСЋРЅ. 2023 Рі., 13:00:22
2023.06.30 13:00:22 INFO  [info] loading settings for project fmc-build from metals.sbt,plugins.sbt ...
2023.06.30 13:00:23 INFO  [info] loading project definition from D:\FMC\project
2023.06.30 13:00:26 INFO  [success] Generated .bloop\fmc-build.json
2023.06.30 13:00:26 INFO  [success] Total time: 3 s, completed 30 РёСЋРЅ. 2023 Рі., 13:00:26
2023.06.30 13:00:28 INFO  [info] loading settings for project root from build.sbt ...
2023.06.30 13:00:28 INFO  [info] set current project to FMC (in build file:/D:/FMC/)
2023.06.30 13:00:28 INFO  [warn] there's a key that's not used by any other settings/tasks:
2023.06.30 13:00:28 INFO  [warn]  
2023.06.30 13:00:28 INFO  [warn] * root / idePackagePrefix
2023.06.30 13:00:28 INFO  [warn]   +- D:\FMC\build.sbt:8
2023.06.30 13:00:28 INFO  [warn]  
2023.06.30 13:00:28 INFO  [warn] note: a setting might still be used by a command; to exclude a key from this `lintUnused` check
2023.06.30 13:00:28 INFO  [warn] either append it to `Global / excludeLintKeys` or call .withRank(KeyRanks.Invisible) on the key
2023.06.30 13:00:28 INFO  [success] Generated .bloop\root.json
2023.06.30 13:00:28 INFO  [success] Generated .bloop\root-test.json
2023.06.30 13:00:28 INFO  [success] Total time: 1 s, completed 30 РёСЋРЅ. 2023 Рі., 13:00:29
2023.06.30 13:00:29 INFO  time: ran 'sbt bloopInstall' in 22s
2023.06.30 13:00:29 INFO  Attempting to connect to the build server...
2023.06.30 13:00:29 INFO  Setting up current java home C:\Program Files\Java\jdk-17.0.5 in C:\Users\Googl\.bloop\bloop.json
2023.06.30 13:00:45 INFO  tracing is disabled for protocol BSP, to enable tracing of incoming and outgoing JSON messages create an empty file at D:\FMC\.metals\bsp.trace.json or C:\Users\Googl\AppData\Local\scalameta\metals\cache\bsp.trace.json
2023.06.30 13:00:45 INFO  Attempting to connect to the build server...
2023.06.30 13:00:45 INFO  Bloop uses C:\Program Files\Java\jdk-17.0.5 defined at C:\Users\Googl\.bloop\bloop.json
2023.06.30 13:00:45 INFO  Attempting to connect to the build server...
2023.06.30 13:00:45 INFO  Bloop uses C:\Program Files\Java\jdk-17.0.5 defined at C:\Users\Googl\.bloop\bloop.json
2023.06.30 13:00:45 INFO  tracing is disabled for protocol BSP, to enable tracing of incoming and outgoing JSON messages create an empty file at D:\FMC\project\.metals\bsp.trace.json or C:\Users\Googl\AppData\Local\scalameta\metals\cache\bsp.trace.json
2023.06.30 13:00:46 INFO  tracing is disabled for protocol BSP, to enable tracing of incoming and outgoing JSON messages create an empty file at D:\FMC\project\project\.metals\bsp.trace.json or C:\Users\Googl\AppData\Local\scalameta\metals\cache\bsp.trace.json
2023.06.30 13:00:54 INFO  time: Connected to build server in 24s
2023.06.30 13:00:54 INFO  Connected to Build server: Bloop v1.5.6
2023.06.30 13:00:54 INFO  time: Imported build in 0.3s
2023.06.30 13:01:06 INFO  time: indexed workspace in 11s
2023.06.30 13:01:23 INFO  compiling root (25 scala sources)
2023.06.30 13:01:27 WARN  Using indexes to guess the definition of BlockPos
2023.06.30 13:01:27 INFO  Deduplicating compilation of root from bsp client 'Metals 0.11.12' (since 41.835s)
2023.06.30 13:01:27 INFO  compiling root (25 scala sources)
2023.06.30 13:01:27 WARN  Using indexes to guess the definition of BlockPos
2023.06.30 13:01:31 WARN  Using indexes to guess the definition of BlockSettings
2023.06.30 13:01:37 INFO  Deduplicating compilation of root from bsp client 'Metals 0.11.12' (since 51.786s)
2023.06.30 13:01:37 INFO  compiling root (25 scala sources)
2023.06.30 13:01:41 INFO  Deduplicating compilation of root from bsp client 'Metals 0.11.12' (since 55.627s)
2023.06.30 13:01:41 INFO  compiling root (25 scala sources)
2023.06.30 13:01:46 INFO  time: compiled root in 5.53s
2023.06.30 13:01:46 INFO  {
  "jsonrpc": "2.0",
  "id": "11",
  "error": {
    "code": -32603,
    "message": "java.io.FileNotFoundException: D:\\FMC\\.bloop\\root\\root-analysis.bin (Процесс не может получить доступ к файлу, так как этот файл занят другим процессом)\r\n\tat java.base/java.io.FileOutputStream.open0(Native Method)\r\n\tat java.base/java.io.FileOutputStream.open(FileOutputStream.java:293)\r\n\tat java.base/java.io.FileOutputStream.\u003cinit\u003e(FileOutputStream.java:235)\r\n\tat java.base/java.io.FileOutputStream.\u003cinit\u003e(FileOutputStream.java:184)\r\n\tat sbt.io.Using$.$anonfun$fileOutputChannel$1(Using.scala:104)\r\n\tat sbt.io.Using$$anon$3.openImpl(Using.scala:86)\r\n\tat sbt.io.OpenFile.open(Using.scala:53)\r\n\tat sbt.io.OpenFile.open$(Using.scala:47)\r\n\tat sbt.io.Using$$anon$3.open(Using.scala:85)\r\n\tat sbt.io.Using$$anon$3.open(Using.scala:85)\r\n\tat sbt.io.Using.apply(Using.scala:25)\r\n\tat sbt.io.IO$.$anonfun$copyFile$3(IO.scala:901)\r\n\tat sbt.io.IO$.$anonfun$copyFile$3$adapted(IO.scala:900)\r\n\tat sbt.io.Using.apply(Using.scala:27)\r\n\tat sbt.io.IO$.copyFile(IO.scala:900)\r\n\tat sbt.io.IO$.move(IO.scala:1118)\r\n\tat sbt.internal.inc.FileAnalysisStore$BinaryFileStore.set(FileAnalysisStore.scala:100)\r\n\tat bloop.Compiler$.$anonfun$persist$1(Compiler.scala:787)\r\n\tat bloop.Compiler$.$anonfun$persist$1$adapted(Compiler.scala:782)\r\n\tat bloop.tracing.BraveTracer.traceInternal(BraveTracer.scala:67)\r\n\tat bloop.tracing.BraveTracer.trace(BraveTracer.scala:41)\r\n\tat bloop.Compiler$.persist(Compiler.scala:782)\r\n\tat bloop.Compiler$.$anonfun$compile$14(Compiler.scala:452)\r\n\tat scala.runtime.java8.JFunction0$mcV$sp.apply(JFunction0$mcV$sp.java:23)\r\n\tat monix.eval.internal.TaskRunLoop$.startFull(TaskRunLoop.scala:81)\r\n\tat monix.eval.internal.TaskRestartCallback.syncOnSuccess(TaskRestartCallback.scala:101)\r\n\tat monix.eval.internal.TaskRestartCallback.onSuccess(TaskRestartCallback.scala:74)\r\n\tat monix.eval.internal.TaskShift$Register$$anon$1.run(TaskShift.scala:65)\r\n\tat monix.execution.internal.InterceptRunnable.run(InterceptRunnable.scala:27)\r\n\tat java.base/java.util.concurrent.ThreadPoolExecutor.runWorker(ThreadPoolExecutor.java:1136)\r\n\tat java.base/java.util.concurrent.ThreadPoolExecutor$Worker.run(ThreadPoolExecutor.java:635)\r\n\tat java.base/java.lang.Thread.run(Thread.java:833)\r\n"
  }
}
2023.06.30 13:01:46 INFO  {
  "jsonrpc": "2.0",
  "id": "13",
  "error": {
    "code": -32603,
    "message": "java.io.FileNotFoundException: D:\\FMC\\.bloop\\root\\root-analysis.bin (Процесс не может получить доступ к файлу, так как этот файл занят другим процессом)\r\n\tat java.base/java.io.FileOutputStream.open0(Native Method)\r\n\tat java.base/java.io.FileOutputStream.open(FileOutputStream.java:293)\r\n\tat java.base/java.io.FileOutputStream.\u003cinit\u003e(FileOutputStream.java:235)\r\n\tat java.base/java.io.FileOutputStream.\u003cinit\u003e(FileOutputStream.java:184)\r\n\tat sbt.io.Using$.$anonfun$fileOutputChannel$1(Using.scala:104)\r\n\tat sbt.io.Using$$anon$3.openImpl(Using.scala:86)\r\n\tat sbt.io.OpenFile.open(Using.scala:53)\r\n\tat sbt.io.OpenFile.open$(Using.scala:47)\r\n\tat sbt.io.Using$$anon$3.open(Using.scala:85)\r\n\tat sbt.io.Using$$anon$3.open(Using.scala:85)\r\n\tat sbt.io.Using.apply(Using.scala:25)\r\n\tat sbt.io.IO$.$anonfun$copyFile$3(IO.scala:901)\r\n\tat sbt.io.IO$.$anonfun$copyFile$3$adapted(IO.scala:900)\r\n\tat sbt.io.Using.apply(Using.scala:27)\r\n\tat sbt.io.IO$.copyFile(IO.scala:900)\r\n\tat sbt.io.IO$.move(IO.scala:1118)\r\n\tat sbt.internal.inc.FileAnalysisStore$BinaryFileStore.set(FileAnalysisStore.scala:100)\r\n\tat bloop.Compiler$.$anonfun$persist$1(Compiler.scala:787)\r\n\tat bloop.Compiler$.$anonfun$persist$1$adapted(Compiler.scala:782)\r\n\tat bloop.tracing.BraveTracer.traceInternal(BraveTracer.scala:67)\r\n\tat bloop.tracing.BraveTracer.trace(BraveTracer.scala:41)\r\n\tat bloop.Compiler$.persist(Compiler.scala:782)\r\n\tat bloop.Compiler$.$anonfun$compile$14(Compiler.scala:452)\r\n\tat scala.runtime.java8.JFunction0$mcV$sp.apply(JFunction0$mcV$sp.java:23)\r\n\tat monix.eval.internal.TaskRunLoop$.startFull(TaskRunLoop.scala:81)\r\n\tat monix.eval.internal.TaskRestartCallback.syncOnSuccess(TaskRestartCallback.scala:101)\r\n\tat monix.eval.internal.TaskRestartCallback.onSuccess(TaskRestartCallback.scala:74)\r\n\tat monix.eval.internal.TaskShift$Register$$anon$1.run(TaskShift.scala:65)\r\n\tat monix.execution.internal.InterceptRunnable.run(InterceptRunnable.scala:27)\r\n\tat java.base/java.util.concurrent.ThreadPoolExecutor.runWorker(ThreadPoolExecutor.java:1136)\r\n\tat java.base/java.util.concurrent.ThreadPoolExecutor$Worker.run(ThreadPoolExecutor.java:635)\r\n\tat java.base/java.lang.Thread.run(Thread.java:833)\r\n"
  }
}
